<?xml version="1.0" encoding="UTF-8"?>
<!-- Generated by org.testng.reporters.JUnitReportReporter -->
<testsuite hostname="DESKTOP-1S89HDM" failures="0" tests="1" name="example.NewTest" time="6.013" errors="0" timestamp="28 Sep 2022 07:12:53 GMT">
  <testcase classname="example.NewTest" name="testEasy" time="6.013"/>
</testsuite> <!-- example.NewTest -->
